<?xml version="1.0" encoding="UTF-8"?>
<testsuite name="primerparcialback_48938.primerparcialback48938ApplicationTests" tests="1" skipped="0" failures="0" errors="0" timestamp="2023-10-09T23:11:37" hostname="DESKTOP-OD8VIKC" time="0.383">
  <properties/>
  <testcase name="contextLoads()" classname="primerparcialback_48938.primerparcialback48938ApplicationTests" time="0.383"/>
  <system-out><![CDATA[20:11:33.080 [Test worker] INFO org.springframework.test.context.support.AnnotationConfigContextLoaderUtils -- Could not detect default configuration classes for test class [primerparcialback_48938.primerparcialback48938ApplicationTests]: primerparcialback48938ApplicationTests does not declare any static, non-private, non-final, nested classes annotated with @Configuration.
20:11:33.152 [Test worker] INFO org.springframework.boot.test.context.SpringBootTestContextBootstrapper -- Found @SpringBootConfiguration primerparcialback_48938.primerparcialback48938Application for test class primerparcialback_48938.primerparcialback48938ApplicationTests

  .   ____          _            __ _ _
 /\\ / ___'_ __ _ _(_)_ __  __ _ \ \ \ \
( ( )\___ | '_ | '_| | '_ \/ _` | \ \ \ \
 \\/  ___)| |_)| | | | | || (_| |  ) ) ) )
  '  |____| .__|_| |_|_| |_\__, | / / / /
 =========|_|==============|___/=/_/_/_/
 :: Spring Boot ::                (v3.1.4)

2023-10-09T20:11:33.462-03:00  INFO 21660 --- [    Test worker] p.primerparcialback48938ApplicationTests : Starting primerparcialback48938ApplicationTests using Java 17.0.7 with PID 21660 (started by Theo in C:\Users\Theo\OneDrive\Escritorio\primerparcialback_48938)
2023-10-09T20:11:33.464-03:00  INFO 21660 --- [    Test worker] p.primerparcialback48938ApplicationTests : No active profile set, falling back to 1 default profile: "default"
2023-10-09T20:11:33.949-03:00  INFO 21660 --- [    Test worker] .s.d.r.c.RepositoryConfigurationDelegate : Bootstrapping Spring Data JPA repositories in DEFAULT mode.
2023-10-09T20:11:34.011-03:00  INFO 21660 --- [    Test worker] .s.d.r.c.RepositoryConfigurationDelegate : Finished Spring Data repository scanning in 56 ms. Found 5 JPA repository interfaces.
2023-10-09T20:11:34.434-03:00  INFO 21660 --- [    Test worker] o.hibernate.jpa.internal.util.LogHelper  : HHH000204: Processing PersistenceUnitInfo [name: default]
2023-10-09T20:11:34.498-03:00  INFO 21660 --- [    Test worker] org.hibernate.Version                    : HHH000412: Hibernate ORM core version 6.2.9.Final
2023-10-09T20:11:34.500-03:00  INFO 21660 --- [    Test worker] org.hibernate.cfg.Environment            : HHH000406: Using bytecode reflection optimizer
2023-10-09T20:11:34.637-03:00  INFO 21660 --- [    Test worker] o.h.b.i.BytecodeProviderInitiator        : HHH000021: Bytecode provider name : bytebuddy
2023-10-09T20:11:34.756-03:00  INFO 21660 --- [    Test worker] o.s.o.j.p.SpringPersistenceUnitInfo      : No LoadTimeWeaver setup: ignoring JPA class transformer
2023-10-09T20:11:34.770-03:00  INFO 21660 --- [    Test worker] com.zaxxer.hikari.HikariDataSource       : HikariPool-1 - Starting...
2023-10-09T20:11:34.929-03:00  INFO 21660 --- [    Test worker] com.zaxxer.hikari.pool.HikariPool        : HikariPool-1 - Added connection conn0: url=jdbc:h2:mem:./parcial_48938 user=SA
2023-10-09T20:11:34.931-03:00  INFO 21660 --- [    Test worker] com.zaxxer.hikari.HikariDataSource       : HikariPool-1 - Start completed.
2023-10-09T20:11:35.149-03:00  INFO 21660 --- [    Test worker] o.h.b.i.BytecodeProviderInitiator        : HHH000021: Bytecode provider name : bytebuddy
2023-10-09T20:11:35.739-03:00  INFO 21660 --- [    Test worker] o.h.e.t.j.p.i.JtaPlatformInitiator       : HHH000490: Using JtaPlatform implementation: [org.hibernate.engine.transaction.jta.platform.internal.NoJtaPlatform]
Hibernate: create table autor (id bigint generated by default as identity, apellido varchar(255), biografia varchar(1500), nombre varchar(255), primary key (id))
Hibernate: create table domicilio (id bigint generated by default as identity, calle varchar(255), numero integer, fk_localidad bigint not null, primary key (id))
Hibernate: create table libro (id bigint generated by default as identity, fecha integer, genero varchar(255), paginas integer, titulo varchar(255), primary key (id))
Hibernate: create table libro_autores (libro_id bigint not null, autores_id bigint not null)
Hibernate: create table localidad (id bigint generated by default as identity, denominacion varchar(255), primary key (id))
Hibernate: create table persona (id bigint generated by default as identity, apellido varchar(255), dni integer, nombre varchar(255), fk_domicilio bigint, primary key (id))
Hibernate: create table persona_libro (persona_id bigint not null, libro_id bigint not null)
Hibernate: alter table if exists persona drop constraint if exists UK_tf82o8p6mim2vdcl7kh56jltw
Hibernate: alter table if exists persona add constraint UK_tf82o8p6mim2vdcl7kh56jltw unique (fk_domicilio)
Hibernate: alter table if exists persona_libro drop constraint if exists UK_klwo566p2xgu8txcyls6vx0ai
Hibernate: alter table if exists persona_libro add constraint UK_klwo566p2xgu8txcyls6vx0ai unique (libro_id)
Hibernate: alter table if exists domicilio add constraint FKsq48s35e5o185ajo3mloiqxjk foreign key (fk_localidad) references localidad
Hibernate: alter table if exists libro_autores add constraint FK4n6u17jdtrjai8yitxsmm7tly foreign key (autores_id) references autor
Hibernate: alter table if exists libro_autores add constraint FKsoheqe18ertlksjno9y33x0am foreign key (libro_id) references libro
Hibernate: alter table if exists persona add constraint FKdvcd83wmvj0mwmbu3kyoisobn foreign key (fk_domicilio) references domicilio
Hibernate: alter table if exists persona_libro add constraint FK6oar3k71e0huyyjlxd0a8qnct foreign key (libro_id) references libro
Hibernate: alter table if exists persona_libro add constraint FKd8c57cn01g1qhcax4yanhi2o4 foreign key (persona_id) references persona
2023-10-09T20:11:35.810-03:00  INFO 21660 --- [    Test worker] j.LocalContainerEntityManagerFactoryBean : Initialized JPA EntityManagerFactory for persistence unit 'default'
2023-10-09T20:11:36.328-03:00  INFO 21660 --- [    Test worker] o.s.d.j.r.query.QueryEnhancerFactory     : Hibernate is in classpath; If applicable, HQL parser will be used.
2023-10-09T20:11:36.938-03:00  WARN 21660 --- [    Test worker] JpaBaseConfiguration$JpaWebConfiguration : spring.jpa.open-in-view is enabled by default. Therefore, database queries may be performed during view rendering. Explicitly configure spring.jpa.open-in-view to disable this warning
2023-10-09T20:11:37.548-03:00  INFO 21660 --- [    Test worker] o.s.b.a.h2.H2ConsoleAutoConfiguration    : H2 console available at '/h2-console'. Database available at 'jdbc:h2:mem:./parcial_48938'
2023-10-09T20:11:37.603-03:00  INFO 21660 --- [    Test worker] p.primerparcialback48938ApplicationTests : Started primerparcialback48938ApplicationTests in 4.313 seconds (process running for 5.162)
Hibernate: insert into localidad (denominacion,id) values (?,default)
Hibernate: insert into domicilio (calle,fk_localidad,numero,id) values (?,?,?,default)
Hibernate: insert into persona (apellido,dni,fk_domicilio,nombre,id) values (?,?,?,?,default)
Hibernate: insert into libro (fecha,genero,paginas,titulo,id) values (?,?,?,?,default)
Hibernate: insert into autor (apellido,biografia,nombre,id) values (?,?,?,default)
Hibernate: insert into localidad (denominacion,id) values (?,default)
Hibernate: insert into domicilio (calle,fk_localidad,numero,id) values (?,?,?,default)
Hibernate: insert into persona (apellido,dni,fk_domicilio,nombre,id) values (?,?,?,?,default)
Hibernate: insert into libro (fecha,genero,paginas,titulo,id) values (?,?,?,?,default)
Hibernate: insert into autor (apellido,biografia,nombre,id) values (?,?,?,default)
Hibernate: insert into localidad (denominacion,id) values (?,default)
Hibernate: insert into domicilio (calle,fk_localidad,numero,id) values (?,?,?,default)
Hibernate: insert into persona (apellido,dni,fk_domicilio,nombre,id) values (?,?,?,?,default)
Hibernate: insert into libro (fecha,genero,paginas,titulo,id) values (?,?,?,?,default)
Hibernate: insert into autor (apellido,biografia,nombre,id) values (?,?,?,default)
Hibernate: insert into localidad (denominacion,id) values (?,default)
Hibernate: insert into domicilio (calle,fk_localidad,numero,id) values (?,?,?,default)
Hibernate: insert into persona (apellido,dni,fk_domicilio,nombre,id) values (?,?,?,?,default)
Hibernate: insert into libro (fecha,genero,paginas,titulo,id) values (?,?,?,?,default)
Hibernate: insert into autor (apellido,biografia,nombre,id) values (?,?,?,default)
Hibernate: insert into localidad (denominacion,id) values (?,default)
Hibernate: insert into domicilio (calle,fk_localidad,numero,id) values (?,?,?,default)
Hibernate: insert into persona (apellido,dni,fk_domicilio,nombre,id) values (?,?,?,?,default)
Hibernate: insert into libro (fecha,genero,paginas,titulo,id) values (?,?,?,?,default)
Hibernate: insert into autor (apellido,biografia,nombre,id) values (?,?,?,default)
Hibernate: insert into localidad (denominacion,id) values (?,default)
Hibernate: insert into domicilio (calle,fk_localidad,numero,id) values (?,?,?,default)
Hibernate: insert into persona (apellido,dni,fk_domicilio,nombre,id) values (?,?,?,?,default)
Hibernate: insert into libro (fecha,genero,paginas,titulo,id) values (?,?,?,?,default)
Hibernate: insert into autor (apellido,biografia,nombre,id) values (?,?,?,default)
Hibernate: insert into localidad (denominacion,id) values (?,default)
Hibernate: insert into domicilio (calle,fk_localidad,numero,id) values (?,?,?,default)
Hibernate: insert into persona (apellido,dni,fk_domicilio,nombre,id) values (?,?,?,?,default)
Hibernate: insert into libro (fecha,genero,paginas,titulo,id) values (?,?,?,?,default)
Hibernate: insert into autor (apellido,biografia,nombre,id) values (?,?,?,default)
Hibernate: insert into localidad (denominacion,id) values (?,default)
Hibernate: insert into domicilio (calle,fk_localidad,numero,id) values (?,?,?,default)
Hibernate: insert into persona (apellido,dni,fk_domicilio,nombre,id) values (?,?,?,?,default)
Hibernate: insert into libro (fecha,genero,paginas,titulo,id) values (?,?,?,?,default)
Hibernate: insert into autor (apellido,biografia,nombre,id) values (?,?,?,default)
Hibernate: insert into localidad (denominacion,id) values (?,default)
Hibernate: insert into domicilio (calle,fk_localidad,numero,id) values (?,?,?,default)
Hibernate: insert into persona (apellido,dni,fk_domicilio,nombre,id) values (?,?,?,?,default)
Hibernate: insert into libro (fecha,genero,paginas,titulo,id) values (?,?,?,?,default)
Hibernate: insert into autor (apellido,biografia,nombre,id) values (?,?,?,default)
Hibernate: insert into localidad (denominacion,id) values (?,default)
Hibernate: insert into domicilio (calle,fk_localidad,numero,id) values (?,?,?,default)
Hibernate: insert into persona (apellido,dni,fk_domicilio,nombre,id) values (?,?,?,?,default)
Hibernate: insert into libro (fecha,genero,paginas,titulo,id) values (?,?,?,?,default)
Hibernate: insert into autor (apellido,biografia,nombre,id) values (?,?,?,default)
Hibernate: insert into localidad (denominacion,id) values (?,default)
Hibernate: insert into domicilio (calle,fk_localidad,numero,id) values (?,?,?,default)
Hibernate: insert into persona (apellido,dni,fk_domicilio,nombre,id) values (?,?,?,?,default)
Hibernate: insert into libro (fecha,genero,paginas,titulo,id) values (?,?,?,?,default)
Hibernate: insert into autor (apellido,biografia,nombre,id) values (?,?,?,default)
Hibernate: insert into localidad (denominacion,id) values (?,default)
Hibernate: insert into domicilio (calle,fk_localidad,numero,id) values (?,?,?,default)
Hibernate: insert into persona (apellido,dni,fk_domicilio,nombre,id) values (?,?,?,?,default)
Hibernate: insert into libro (fecha,genero,paginas,titulo,id) values (?,?,?,?,default)
Hibernate: insert into autor (apellido,biografia,nombre,id) values (?,?,?,default)
Hibernate: insert into localidad (denominacion,id) values (?,default)
Hibernate: insert into domicilio (calle,fk_localidad,numero,id) values (?,?,?,default)
Hibernate: insert into persona (apellido,dni,fk_domicilio,nombre,id) values (?,?,?,?,default)
Hibernate: insert into libro (fecha,genero,paginas,titulo,id) values (?,?,?,?,default)
Hibernate: insert into autor (apellido,biografia,nombre,id) values (?,?,?,default)
Hibernate: insert into localidad (denominacion,id) values (?,default)
Hibernate: insert into domicilio (calle,fk_localidad,numero,id) values (?,?,?,default)
Hibernate: insert into persona (apellido,dni,fk_domicilio,nombre,id) values (?,?,?,?,default)
Hibernate: insert into libro (fecha,genero,paginas,titulo,id) values (?,?,?,?,default)
Hibernate: insert into autor (apellido,biografia,nombre,id) values (?,?,?,default)
Hibernate: insert into localidad (denominacion,id) values (?,default)
Hibernate: insert into domicilio (calle,fk_localidad,numero,id) values (?,?,?,default)
Hibernate: insert into persona (apellido,dni,fk_domicilio,nombre,id) values (?,?,?,?,default)
Hibernate: insert into libro (fecha,genero,paginas,titulo,id) values (?,?,?,?,default)
Hibernate: insert into autor (apellido,biografia,nombre,id) values (?,?,?,default)
Hibernate: insert into localidad (denominacion,id) values (?,default)
Hibernate: insert into domicilio (calle,fk_localidad,numero,id) values (?,?,?,default)
Hibernate: insert into persona (apellido,dni,fk_domicilio,nombre,id) values (?,?,?,?,default)
Hibernate: insert into libro (fecha,genero,paginas,titulo,id) values (?,?,?,?,default)
Hibernate: insert into autor (apellido,biografia,nombre,id) values (?,?,?,default)
Hibernate: insert into localidad (denominacion,id) values (?,default)
Hibernate: insert into domicilio (calle,fk_localidad,numero,id) values (?,?,?,default)
Hibernate: insert into persona (apellido,dni,fk_domicilio,nombre,id) values (?,?,?,?,default)
Hibernate: insert into libro (fecha,genero,paginas,titulo,id) values (?,?,?,?,default)
Hibernate: insert into autor (apellido,biografia,nombre,id) values (?,?,?,default)
Hibernate: insert into localidad (denominacion,id) values (?,default)
Hibernate: insert into domicilio (calle,fk_localidad,numero,id) values (?,?,?,default)
Hibernate: insert into persona (apellido,dni,fk_domicilio,nombre,id) values (?,?,?,?,default)
Hibernate: insert into libro (fecha,genero,paginas,titulo,id) values (?,?,?,?,default)
Hibernate: insert into autor (apellido,biografia,nombre,id) values (?,?,?,default)
Hibernate: insert into localidad (denominacion,id) values (?,default)
Hibernate: insert into domicilio (calle,fk_localidad,numero,id) values (?,?,?,default)
Hibernate: insert into persona (apellido,dni,fk_domicilio,nombre,id) values (?,?,?,?,default)
Hibernate: insert into libro (fecha,genero,paginas,titulo,id) values (?,?,?,?,default)
Hibernate: insert into autor (apellido,biografia,nombre,id) values (?,?,?,default)
Hibernate: insert into localidad (denominacion,id) values (?,default)
Hibernate: insert into domicilio (calle,fk_localidad,numero,id) values (?,?,?,default)
Hibernate: insert into persona (apellido,dni,fk_domicilio,nombre,id) values (?,?,?,?,default)
Hibernate: insert into libro (fecha,genero,paginas,titulo,id) values (?,?,?,?,default)
Hibernate: insert into autor (apellido,biografia,nombre,id) values (?,?,?,default)
Hibernate: insert into localidad (denominacion,id) values (?,default)
Hibernate: insert into domicilio (calle,fk_localidad,numero,id) values (?,?,?,default)
Hibernate: insert into persona (apellido,dni,fk_domicilio,nombre,id) values (?,?,?,?,default)
Hibernate: insert into libro (fecha,genero,paginas,titulo,id) values (?,?,?,?,default)
Hibernate: insert into autor (apellido,biografia,nombre,id) values (?,?,?,default)
]]></system-out>
  <system-err><![CDATA[]]></system-err>
</testsuite>
