<?xml version="1.0" encoding="UTF-8"?>
<testsuite name="primerparcialback_48938.controllers.PersonaControllerTest" tests="1" skipped="0" failures="0" errors="0" timestamp="2023-10-11T20:09:31" hostname="DESKTOP-OD8VIKC" time="0.243">
  <properties/>
  <testcase name="testSearchString()" classname="primerparcialback_48938.controllers.PersonaControllerTest" time="0.243"/>
  <system-out><![CDATA[17:09:29.189 [Test worker] INFO org.springframework.test.context.support.AnnotationConfigContextLoaderUtils -- Could not detect default configuration classes for test class [primerparcialback_48938.controllers.PersonaControllerTest]: PersonaControllerTest does not declare any static, non-private, non-final, nested classes annotated with @Configuration.
17:09:29.297 [Test worker] INFO org.springframework.boot.test.context.SpringBootTestContextBootstrapper -- Found @SpringBootConfiguration primerparcialback_48938.primerparcialback48938Application for test class primerparcialback_48938.controllers.PersonaControllerTest

  .   ____          _            __ _ _
 /\\ / ___'_ __ _ _(_)_ __  __ _ \ \ \ \
( ( )\___ | '_ | '_| | '_ \/ _` | \ \ \ \
 \\/  ___)| |_)| | | | | || (_| |  ) ) ) )
  '  |____| .__|_| |_|_| |_\__, | / / / /
 =========|_|==============|___/=/_/_/_/
 :: Spring Boot ::                (v3.1.4)

2023-10-11T17:09:29.593-03:00  INFO 6884 --- [    Test worker] p.controllers.PersonaControllerTest      : Starting PersonaControllerTest using Java 17.0.7 with PID 6884 (started by Theo in C:\Users\Theo\OneDrive\Escritorio\primerparcialback_48938)
2023-10-11T17:09:29.594-03:00  INFO 6884 --- [    Test worker] p.controllers.PersonaControllerTest      : No active profile set, falling back to 1 default profile: "default"
2023-10-11T17:09:31.324-03:00  INFO 6884 --- [    Test worker] o.s.b.t.m.w.SpringBootMockServletContext : Initializing Spring TestDispatcherServlet ''
2023-10-11T17:09:31.324-03:00  INFO 6884 --- [    Test worker] o.s.t.web.servlet.TestDispatcherServlet  : Initializing Servlet ''
2023-10-11T17:09:31.328-03:00  INFO 6884 --- [    Test worker] o.s.t.web.servlet.TestDispatcherServlet  : Completed initialization in 2 ms
2023-10-11T17:09:31.362-03:00  INFO 6884 --- [    Test worker] p.controllers.PersonaControllerTest      : Started PersonaControllerTest in 2.004 seconds (process running for 2.903)
]]></system-out>
  <system-err><![CDATA[]]></system-err>
</testsuite>
